<?xml version="1.0" encoding="UTF-8"?>
<testsuite name="test_register_project_tests.TestRegisterProjectMethod-20260424213255" tests="5" file="test_register_project_tests.py" time="0.242" timestamp="2026-04-24T21:32:56" failures="0" errors="0" skipped="0">
	<testcase classname="test_register_project_tests.TestRegisterProjectMethod" name="test_duplicated_project_test" time="0.005" timestamp="2026-04-24T21:32:56"/>
	<testcase classname="test_register_project_tests.TestRegisterProjectMethod" name="test_parametrized_cases_tests" time="0.222" timestamp="2026-04-24T21:32:56"/>
	<testcase classname="test_register_project_tests.TestRegisterProjectMethod" name="test_transfer_for_today" time="0.005" timestamp="2026-04-24T21:32:56"/>
	<testcase classname="test_register_project_tests.TestRegisterProjectMethod" name="test_transfer_for_tomorrow" time="0.006" timestamp="2026-04-24T21:32:56"/>
	<testcase classname="test_register_project_tests.TestRegisterProjectMethod" name="test_transfer_yesterday_test" time="0.004" timestamp="2026-04-24T21:32:56"/>
</testsuite>
